#
# There is insufficient memory for the Java Runtime Environment to continue.
# Native memory allocation (malloc) failed to allocate 1048576 bytes for AllocateHeap
# Possible reasons:
#   The system is out of physical RAM or swap space
#   In 32 bit mode, the process size limit was hit
# Possible solutions:
#   Reduce memory load on the system
#   Increase physical memory or swap space
#   Check if swap backing store is full
#   Use 64 bit Java on a 64 bit OS
#   Decrease Java heap size (-Xmx/-Xms)
#   Decrease number of Java threads
#   Decrease Java thread stack sizes (-Xss)
#   Set larger code cache with -XX:ReservedCodeCacheSize=
# This output file may be truncated or incomplete.
#
#  Out of Memory Error (memory/allocation.inline.hpp:61), pid=20376, tid=20080
#
# JRE version:  (7.0_60-b19) (build )
# Java VM: Java HotSpot(TM) 64-Bit Server VM (24.60-b09 mixed mode windows-amd64 compressed oops)
# Failed to write core dump. Minidumps are not enabled by default on client versions of Windows
#

---------------  T H R E A D  ---------------

Current thread (0x00000000023ed800):  JavaThread "Unknown thread" [_thread_in_vm, id=20080, stack(0x00000000024b0000,0x00000000025b0000)]

Stack: [0x00000000024b0000,0x00000000025b0000]
[error occurred during error reporting (printing stack bounds), id 0xc0000005]


---------------  P R O C E S S  ---------------

Java Threads: ( => current thread )

Other Threads:

=>0x00000000023ed800 (exited) JavaThread "Unknown thread" [_thread_in_vm, id=20080, stack(0x00000000024b0000,0x00000000025b0000)]

VM state:not at safepoint (normal execution)

VM Mutex/Monitor currently owned by a thread: None

Heap
 PSYoungGen      total 9728K, used 174K [0x00000000f5700000, 0x00000000f6180000, 0x0000000100000000)
  eden space 8704K, 2% used [0x00000000f5700000,0x00000000f572b8c0,0x00000000f5f80000)
  from space 1024K, 0% used [0x00000000f6080000,0x00000000f6080000,0x00000000f6180000)
  to   space 1024K, 0% used [0x00000000f5f80000,0x00000000f5f80000,0x00000000f6080000)
 ParOldGen       total 21504K, used 0K [0x00000000e0600000, 0x00000000e1b00000, 0x00000000f5700000)
  object space 21504K, 0% used [0x00000000e0600000,0x00000000e0600000,0x00000000e1b00000)
 PSPermGen       total 21504K, used 676K [0x00000000db400000, 0x00000000dc900000, 0x00000000e0600000)
  object space 21504K, 3% used [0x00000000db400000,0x00000000db4a9390,0x00000000dc900000)

Card table byte_map: [0x0000000005640000,0x0000000005770000] byte_map_base: 0x0000000004f66000

Polling page: 0x0000000000250000

Code Cache  [0x0000000002640000, 0x00000000028b0000, 0x0000000005640000)
 total_blobs=37 nmethods=0 adapters=20 free_code_cache=48890Kb largest_free_block=50063104

Compilation events (0 events):
No events

GC Heap History (0 events):
No events

Deoptimization events (0 events):
No events

Internal exceptions (0 events):
No events

Events (10 events):
Event: 0.031 loading class 0x000000000226ef70
Event: 0.031 loading class 0x000000000226ef70 done
Event: 0.031 loading class 0x000000000226efc0
Event: 0.031 loading class 0x000000000226efc0 done
Event: 0.031 loading class 0x000000000226f010
Event: 0.031 loading class 0x000000000226f010 done
Event: 0.032 loading class 0x000000000226fd70
Event: 0.032 loading class 0x000000000226fd70 done
Event: 0.032 loading class 0x000000000226f990
Event: 0.032 loading class 0x000000000226f990 done


Dynamic libraries:
0x000000013fe10000 - 0x000000013fe43000 	C:\Program Files\Java\jre7\bin\javaw.exe
0x0000000077310000 - 0x00000000774b9000 	C:\Windows\SYSTEM32\ntdll.dll
0x00000000770f0000 - 0x000000007720f000 	C:\Windows\system32\kernel32.dll
0x000007fefd480000 - 0x000007fefd4ec000 	C:\Windows\system32\KERNELBASE.dll
0x000007fefd750000 - 0x000007fefd82b000 	C:\Windows\system32\ADVAPI32.dll
0x000007fefebf0000 - 0x000007fefec8f000 	C:\Windows\system32\msvcrt.dll
0x000007fefd730000 - 0x000007fefd74f000 	C:\Windows\SYSTEM32\sechost.dll
0x000007fefd600000 - 0x000007fefd72d000 	C:\Windows\system32\RPCRT4.dll
0x0000000077210000 - 0x000000007730a000 	C:\Windows\system32\USER32.dll
0x000007feff510000 - 0x000007feff577000 	C:\Windows\system32\GDI32.dll
0x000007feff370000 - 0x000007feff37e000 	C:\Windows\system32\LPK.dll
0x000007fefd530000 - 0x000007fefd5f9000 	C:\Windows\system32\USP10.dll
0x000007fefb8a0000 - 0x000007fefba94000 	C:\Windows\WinSxS\amd64_microsoft.windows.common-controls_6595b64144ccf1df_6.0.7601.17514_none_fa396087175ac9ac\COMCTL32.dll
0x000007fefd830000 - 0x000007fefd8a1000 	C:\Windows\system32\SHLWAPI.dll
0x000007fefd500000 - 0x000007fefd52e000 	C:\Windows\system32\IMM32.DLL
0x000007feff380000 - 0x000007feff489000 	C:\Windows\system32\MSCTF.dll
0x0000000074eb0000 - 0x0000000074ee8000 	C:\PROGRA~2\Sophos\SOPHOS~1\SOPHOS~2.DLL
0x00000000774d0000 - 0x00000000774d7000 	C:\Windows\system32\PSAPI.DLL
0x00000000732b0000 - 0x0000000073382000 	C:\Program Files\Java\jre7\bin\msvcr100.dll
0x0000000072ad0000 - 0x00000000732a2000 	C:\Program Files\Java\jre7\bin\server\jvm.dll
0x000007fef7e90000 - 0x000007fef7e99000 	C:\Windows\system32\WSOCK32.dll
0x000007fefeb40000 - 0x000007fefeb8d000 	C:\Windows\system32\WS2_32.dll
0x000007fefea50000 - 0x000007fefea58000 	C:\Windows\system32\NSI.dll
0x000007fefab90000 - 0x000007fefabcb000 	C:\Windows\system32\WINMM.dll
0x0000000072ac0000 - 0x0000000072acf000 	C:\Program Files\Java\jre7\bin\verify.dll
0x0000000072a90000 - 0x0000000072ab8000 	C:\Program Files\Java\jre7\bin\java.dll
0x0000000072a70000 - 0x0000000072a85000 	C:\Program Files\Java\jre7\bin\zip.dll

VM Arguments:
jvm_args: -Dfile.encoding=Cp1252 
java_command: main.Connect4Algorithm
Launcher Type: SUN_STANDARD

Environment Variables:
PATH=C:\Windows\system32;C:\Windows;C:\Windows\System32\Wbem;C:\Windows\System32\WindowsPowerShell\v1.0\;C:\Program Files (x86)\QuickTime\QTSystem\;C:\Program Files (x86)\MATLAB\MATLAB Compiler Runtime\v714\runtime\win32
USERNAME=scamper
OS=Windows_NT
PROCESSOR_IDENTIFIER=Intel64 Family 6 Model 15 Stepping 11, GenuineIntel



---------------  S Y S T E M  ---------------

OS: Windows 7 , 64 bit Build 7601 Service Pack 1

CPU:total 2 (2 cores per cpu, 1 threads per core) family 6 model 15 stepping 11, cmov, cx8, fxsr, mmx, sse, sse2, sse3, ssse3, tsc

Memory: 4k page, physical 2069812k(156880k free), swap 5173556k(5288k free)

vm_info: Java HotSpot(TM) 64-Bit Server VM (24.60-b09) for windows-amd64 JRE (1.7.0_60-b19), built on May  7 2014 12:55:18 by "java_re" with unknown MS VC++:1600

time: Sun Jul 20 12:30:56 2014
elapsed time: 0 seconds

